0 verbose cli C:\Program Files\nodejs\node.exe C:\Program Files\nodejs\node_modules\npm\bin\npm-cli.js
0 verbose cli C:\Program Files\nodejs\node.exe C:\Program Files\nodejs\node_modules\npm\bin\npm-cli.js
1 info using npm@10.9.3
1 info using npm@10.9.3
2 info using node@v22.18.0
2 info using node@v22.18.0
3 silly config load:file:C:\Program Files\nodejs\node_modules\npm\npmrc
3 silly config load:file:C:\Program Files\nodejs\node_modules\npm\npmrc
4 silly config load:file:C:\Users\Usuário\Documents\EBAC\python\projeto-06\atividade\eplay\.npmrc
4 silly config load:file:C:\Users\Usuário\Documents\EBAC\python\projeto-06\atividade\eplay\.npmrc
5 silly config load:file:C:\Users\Usuário\.npmrc
5 silly config load:file:C:\Users\Usuário\.npmrc
6 silly config load:file:C:\Users\Usuário\AppData\Roaming\npm\etc\npmrc
6 silly config load:file:C:\Users\Usuário\AppData\Roaming\npm\etc\npmrc
7 verbose title npm test --listTests --json --watchAll=false
7 verbose title npm test --testLocationInResults --json --useStderr --outputFile C:\Users\USURIO~2\AppData\Local\Temp\jest_runner_eplay_usu_rio.json --watch --no-coverage --reporters default --reporters c:\Users\Usuário\.vscode\extensions\orta.vscode-jest-6.4.4\out\reporter.js --colors
8 verbose argv "test" "--" "--listTests" "--json" "--watchAll=false"
8 verbose argv "test" "--" "--testLocationInResults" "--json" "--useStderr" "--outputFile" "C:\\Users\\USURIO~2\\AppData\\Local\\Temp\\jest_runner_eplay_usu_rio.json" "--watch" "--no-coverage" "--reporters" "default" "--reporters" "c:\\Users\\Usuário\\.vscode\\extensions\\orta.vscode-jest-6.4.4\\out\\reporter.js" "--colors"
9 verbose logfile logs-max:10 dir:C:\Users\Usuário\Documents\EBAC\python\projeto-06\atividade\eplay\UsersDESKTOP-U9J66QUAppDataLocalnpm-cache\_logs\2025-08-23T14_50_08_262Z-
9 verbose logfile logs-max:10 dir:C:\Users\Usuário\Documents\EBAC\python\projeto-06\atividade\eplay\UsersDESKTOP-U9J66QUAppDataLocalnpm-cache\_logs\2025-08-23T14_50_08_262Z-
10 verbose logfile C:\Users\Usuário\Documents\EBAC\python\projeto-06\atividade\eplay\UsersDESKTOP-U9J66QUAppDataLocalnpm-cache\_logs\2025-08-23T14_50_08_262Z-debug-0.log
10 verbose logfile C:\Users\Usuário\Documents\EBAC\python\projeto-06\atividade\eplay\UsersDESKTOP-U9J66QUAppDataLocalnpm-cache\_logs\2025-08-23T14_50_08_262Z-debug-0.log
11 silly logfile start cleaning logs, removing 1 files
11 silly logfile start cleaning logs, removing 1 files
12 silly logfile done cleaning log files
12 silly logfile done cleaning log files
13 verbose cwd C:\Users\Usuário\Documents\EBAC\python\projeto-06\atividade\eplay
14 verbose os Windows_NT 10.0.19045
15 verbose node v22.18.0
16 verbose npm  v10.9.3
17 verbose exit 0
18 info ok
